<!DOCTYPE html PUBLIC "-//W3C//DTD XHTML 1.1//EN http://www.w3.org/TR/xhtml11/DTD/xhtml11.dtd">
<html xmlns="http://www.w3.org/1999/xhtml">
<head>
<title>Detailed Report</title>
<style type="text/css">
p.detail { color:#000000;font-family:'hurme_geometric_sans_4regular' !important;font-size:12 }
span.namep { color:#008000;font-weight:bold;font-family:'hurme_geometric_sans_4regular' !important;font-size:12 }
span.namef { color:#FF0000;font-weight:bold;font-family:'hurme_geometric_sans_4regular' !important;font-size:12 }
table {margin-bottom:10px;border-collapse:collapse;empty-cells:show}
td,th {border:1px solid #009;padding:.25em .5em}
.result th {vertical-align:bottom}
.param th {padding-left:1em;padding-right:1em}
.param td {padding-left:.5em;padding-right:2em}
.stripe td,.stripe th {background-color: #E6EBF9}
.numi,.numi_attn, .numi_passed {text-align:right}
.total td {font-weight:bold}
.passedodds  {background-color: #3F3}
.passedodd td {background-color: #0A0}
.passedeven td {background-color: #3F3}
.skippedodd td {background-color: #CCC}
.skippedodd td {background-color: #DDD}
.passed td,.numi_passed {background-color: #3F3}
.failedodd td,.numi_attn {background-color: #F33}
.failedeven td,.stripe .numi_attn {background-color: #D00}
.failedemailodd td,.numiemail {background-color: #FF7797;font-family:'hurme_geometric_sans_4regular' !important;font-size:12}
.failedemaileven td,.stripe .numiemail  {background-color: #FF5B82;font-family:'hurme_geometric_sans_4regular' !important;font-size:12}
.stacktrace {white-space:pre;font-family:'hurme_geometric_sans_4regular' !important;}
.totop {font-size:85%;text-align:center;border-bottom:2px solid #000}
</style>
</head>
<body>
<center><h2>iHuddle Detailed Report - 08-09-2021 13:23:10</h2></center><table cellspacing=0 cellpadding=0 class="testOverview">
<tr><th>Scenario</th><th>Methods<br/>Passed</th><th># skipped</th><th># failed</th><th>Browser</th><th>Start<br/>Time</th><th>End<br/>Time</th><th>Total<br/>Time(hh:mm:ss)</th><th>Environment</th><th>Excluded<br/>Scenario</th></tr>
<tr><th colspan="10">General Website Test-UAT environment</th></tr>
<tr><td style="text-align:left;padding-right:2em"><a href="#t1"><b>Tested on Client Website on Chrome</b></a></td><td class="numi">0</td><td class="numi">0</td><td class="numi_attn">26</td><td class="numi">null</td></td>
<td class="numi">01:22:27</td></td>
<td class="numi">01:23:10</td></td>
<td class="numi">00:00:42</td><td class="numi">UAT</td><td class="numi"></td></tr>
<tr><th colspan="10">iHuddle Test Suite-UAT environment</th></tr>
</table>
<table cellspacing=0 cellpadding=0 class="methodOverview" id="Summary">
<tr><th>Class</th><th>Exception Info</th><th>Start Time </th><th>Execution Time<br/>(hh:mm:ss)</th></tr>
<tr><th colspan="5">General Website Test</th></tr>
<tr id="t1"><th colspan="5">Tested on Client Website on Chrome &#8212; failed (configuration methods)</th></tr>
<tr class="failedodd"><td rowspan="9"></td><td><a href="#m1><b>tearDown</b>  </a></td><td class="numi" style="text-align:left;padding-right:2em">java.lang.NullPointerException: Cannot invoke &quot;org.openqa.selenium.WebDriver.quit()&quot; because &quot;src.com.pack.base.TestBaseSetup.driver&quot; is null<br/></td><td style="text-align:right">01:23:05</td><td class="numi">00:00:00</td></tr><tr class="failedodd"><td><a href="#m2><b>tearDown</b>  </a></td><td class="numi" style="text-align:left;padding-right:2em">java.lang.NullPointerException: Cannot invoke &quot;org.openqa.selenium.WebDriver.quit()&quot; because &quot;src.com.pack.base.TestBaseSetup.driver&quot; is null<br/></td><td style="text-align:right">01:22:50</td><td class="numi">00:00:00</td></tr><tr class="failedodd"><td><a href="#m3><b>tearDown</b>  </a></td><td class="numi" style="text-align:left;padding-right:2em">java.lang.NullPointerException: Cannot invoke &quot;org.openqa.selenium.WebDriver.quit()&quot; because &quot;src.com.pack.base.TestBaseSetup.driver&quot; is null<br/></td><td style="text-align:right">01:22:56</td><td class="numi">00:00:00</td></tr><tr class="failedodd"><td><a href="#m4><b>tearDown</b>  </a></td><td class="numi" style="text-align:left;padding-right:2em">java.lang.NullPointerException: Cannot invoke &quot;org.openqa.selenium.WebDriver.quit()&quot; because &quot;src.com.pack.base.TestBaseSetup.driver&quot; is null<br/></td><td style="text-align:right">01:22:59</td><td class="numi">00:00:00</td></tr><tr class="failedodd"><td><a href="#m5><b>tearDown</b>  </a></td><td class="numi" style="text-align:left;padding-right:2em">java.lang.NullPointerException: Cannot invoke &quot;org.openqa.selenium.WebDriver.quit()&quot; because &quot;src.com.pack.base.TestBaseSetup.driver&quot; is null<br/></td><td style="text-align:right">01:22:45</td><td class="numi">00:00:00</td></tr><tr class="failedodd"><td><a href="#m6><b>tearDown</b>  </a></td><td class="numi" style="text-align:left;padding-right:2em">java.lang.NullPointerException: Cannot invoke &quot;org.openqa.selenium.WebDriver.quit()&quot; because &quot;src.com.pack.base.TestBaseSetup.driver&quot; is null<br/></td><td style="text-align:right">01:23:10</td><td class="numi">00:00:00</td></tr><tr class="failedodd"><td><a href="#m7><b>tearDown</b>  </a></td><td class="numi" style="text-align:left;padding-right:2em">java.lang.NullPointerException: Cannot invoke &quot;org.openqa.selenium.WebDriver.quit()&quot; because &quot;src.com.pack.base.TestBaseSetup.driver&quot; is null<br/></td><td style="text-align:right">01:23:02</td><td class="numi">00:00:00</td></tr><tr class="failedodd"><td><a href="#m8><b>tearDown</b>  </a></td><td class="numi" style="text-align:left;padding-right:2em">java.lang.NullPointerException: Cannot invoke &quot;org.openqa.selenium.WebDriver.quit()&quot; because &quot;src.com.pack.base.TestBaseSetup.driver&quot; is null<br/></td><td style="text-align:right">01:22:33</td><td class="numi">00:00:00</td></tr><tr class="failedodd"><td><a href="#m9><b>tearDown</b>  </a></td><td class="numi" style="text-align:left;padding-right:2em">java.lang.NullPointerException: Cannot invoke &quot;org.openqa.selenium.WebDriver.quit()&quot; because &quot;src.com.pack.base.TestBaseSetup.driver&quot; is null<br/></td><td style="text-align:right">01:22:39</td><td class="numi">00:00:00</td></tr>
<tr><th colspan="5">Tested on Client Website on Chrome &#8212; failed</th></tr>
<tr class="failedodd"><td>Delete Document of Investor</td><td><a href="#m10><b>adeleteInvestorImage</b> (DeleteImage) (Delete Document of Investor)</a></td><td class="numi" style="text-align:left;padding-right:2em">java.lang.NullPointerException: Cannot invoke &quot;org.openqa.selenium.WebDriver.navigate()&quot; because &quot;this.driver&quot; is null<br/></td><td style="text-align:right">01:22:57</td><td class="numi">00:00:00</td></tr>
<tr class="failedeven"><td>Verify Signup User in Admin</td><td><a href="#m11><b>verifyuserinAdmin</b> (Check_User_inAdmin) (Verify Signup User in Admin)</a></td><td class="numi" style="text-align:left;padding-right:2em">java.lang.NullPointerException: Cannot invoke &quot;org.openqa.selenium.WebDriver.navigate()&quot; because &quot;this.driver&quot; is null<br/></td><td style="text-align:right">01:22:31</td><td class="numi">00:00:00</td></tr>
<tr class="failedodd"><td>Check invitations for a deal and invest in one of them</td><td><a href="#m12><b>InvitationsDeal</b> (Deal View Invitations) (Check invitations for a deal and invest in one of them)</a></td><td class="numi" style="text-align:left;padding-right:2em">java.lang.NullPointerException: Cannot invoke &quot;org.openqa.selenium.SearchContext.findElement(org.openqa.selenium.By)&quot; because &quot;this.searchContext&quot; is null<br/></td><td style="text-align:right">01:23:07</td><td class="numi">00:00:00</td></tr>
<tr class="failedeven"><td>Add Depost</td><td><a href="#m13><b>AddDepositAmount</b> (AddDeposit) (Add Depost)</a></td><td class="numi" style="text-align:left;padding-right:2em">java.lang.NullPointerException: Cannot invoke &quot;org.openqa.selenium.WebDriver.getCurrentUrl()&quot; because &quot;this.driver&quot; is null<br/></td><td style="text-align: